The target system is: Generic - 1 - 
The host system is: Windows - 10.0.19042 - AMD64
Compiling the C compiler identification source file "CMakeCCompilerId.c" succeeded.
Compiler: C:/MinGW/bin/gcc.exe 
Build flags: 
Id flags:  

The output was:
0


Compilation of the C compiler identification source "CMakeCCompilerId.c" produced "a.exe"

The C compiler identification is GNU, found in "C:/Clone/component-drivers/cmake-build-debug/CMakeFiles/3.20.2/CompilerIdC/a.exe"

Compiling the CXX compiler identification source file "CMakeCXXCompilerId.cpp" succeeded.
Compiler: C:/MinGW/bin/g++.exe 
Build flags: 
Id flags:  

The output was:
0


Compilation of the CXX compiler identification source "CMakeCXXCompilerId.cpp" produced "a.exe"

The CXX compiler identification is GNU, found in "C:/Clone/component-drivers/cmake-build-debug/CMakeFiles/3.20.2/CompilerIdCXX/a.exe"

Checking whether the ASM compiler is GNU using "--version" matched "(GNU assembler)|(GCC)|(Free Software Foundation)":
gcc.exe (MinGW.org GCC-8.2.0-5) 8.2.0
Copyright (C) 2018 Free Software Foundation, Inc.
This is free software; see the source for copying conditions.  There is NO
warranty; not even for MERCHANTABILITY or FITNESS FOR A PARTICULAR PURPOSE.

Determining if the C compiler works passed with the following output:
Change Dir: C:/Clone/component-drivers/cmake-build-debug/CMakeFiles/CMakeTmp

Run Build Command(s):C:/MinGW/bin/mingw32-make.exe -f Makefile cmTC_9dbf9/fast && C:/MinGW/bin/mingw32-make.exe  -f CMakeFiles\cmTC_9dbf9.dir\build.make CMakeFiles/cmTC_9dbf9.dir/build
mingw32-make.exe[1]: Entering directory 'C:/Clone/component-drivers/cmake-build-debug/CMakeFiles/CMakeTmp'
Building C object CMakeFiles/cmTC_9dbf9.dir/testCCompiler.c.obj
C:\MinGW\bin\gcc.exe    -o CMakeFiles\cmTC_9dbf9.dir\testCCompiler.c.obj -c C:\Clone\component-drivers\cmake-build-debug\CMakeFiles\CMakeTmp\testCCompiler.c
Linking C executable cmTC_9dbf9
"C:\Program Files\CMake\bin\cmake.exe" -E cmake_link_script CMakeFiles\cmTC_9dbf9.dir\link.txt --verbose=1
C:\MinGW\bin\gcc.exe CMakeFiles/cmTC_9dbf9.dir/testCCompiler.c.obj -o cmTC_9dbf9 
mingw32-make.exe[1]: Leaving directory 'C:/Clone/component-drivers/cmake-build-debug/CMakeFiles/CMakeTmp'



Determining if the CXX compiler works passed with the following output:
Change Dir: C:/Clone/component-drivers/cmake-build-debug/CMakeFiles/CMakeTmp

Run Build Command(s):C:/MinGW/bin/mingw32-make.exe -f Makefile cmTC_cad46/fast && C:/MinGW/bin/mingw32-make.exe  -f CMakeFiles\cmTC_cad46.dir\build.make CMakeFiles/cmTC_cad46.dir/build
mingw32-make.exe[1]: Entering directory 'C:/Clone/component-drivers/cmake-build-debug/CMakeFiles/CMakeTmp'
Building CXX object CMakeFiles/cmTC_cad46.dir/testCXXCompiler.cxx.obj
C:\MinGW\bin\g++.exe    -o CMakeFiles\cmTC_cad46.dir\testCXXCompiler.cxx.obj -c C:\Clone\component-drivers\cmake-build-debug\CMakeFiles\CMakeTmp\testCXXCompiler.cxx
Linking CXX executable cmTC_cad46
"C:\Program Files\CMake\bin\cmake.exe" -E cmake_link_script CMakeFiles\cmTC_cad46.dir\link.txt --verbose=1
C:\MinGW\bin\g++.exe CMakeFiles/cmTC_cad46.dir/testCXXCompiler.cxx.obj -o cmTC_cad46 
mingw32-make.exe[1]: Leaving directory 'C:/Clone/component-drivers/cmake-build-debug/CMakeFiles/CMakeTmp'



